2025-05-23 18:49:52,166 - debate_app - INFO - DisplayBoard 初始化
2025-05-23 18:49:54,538 - debate_app - INFO - DisplayBoard UI 初始化完成
2025-05-23 18:49:54,539 - debate_app - INFO - ControlPanel 初始化
2025-05-23 18:49:54,639 - debate_app - INFO - 禁用所有控制
2025-05-23 18:49:54,640 - debate_app - INFO - ControlPanel UI 初始化完成
2025-05-23 18:49:57,007 - debate_app - INFO - 加载配置文件
2025-05-23 18:49:58,912 - debate_app - INFO - 设置辩论配置
2025-05-23 18:49:58,916 - debate_app - INFO - 辩论配置已应用
2025-05-23 18:49:58,918 - debate_app - INFO - 启用所有控制
2025-05-23 18:49:58,918 - debate_app - INFO - 配置文件加载成功: G:/Pythondev/Debaterev/debate_config.json
2025-05-23 18:49:58,925 - debate_app - INFO - 收到环节选择信号: index=0
2025-05-23 18:50:01,480 - debate_app - INFO - 收到环节选择信号: index=8
2025-05-23 18:50:03,593 - debate_app - INFO - 开始环节: index=8
2025-05-23 18:50:09,668 - debate_app - INFO - 请求终止当前回合
2025-05-23 18:50:09,668 - debate_app - INFO - 终止当前回合
2025-05-23 18:50:09,668 - debate_app - INFO - 计时器重置
2025-05-23 18:50:10,540 - debate_app - INFO - 收到环节选择信号: index=7
2025-05-23 18:50:11,341 - debate_app - INFO - 开始环节: index=7
2025-05-23 18:50:17,565 - debate_app - INFO - 计时器启动
2025-05-23 18:50:23,129 - debate_app - INFO - 请求终止当前回合
2025-05-23 18:50:23,129 - debate_app - INFO - 终止当前回合
2025-05-23 18:50:23,129 - debate_app - INFO - 计时器重置
2025-05-23 18:50:23,131 - debate_app - INFO - 收到环节选择信号: index=8
2025-05-23 18:54:06,732 - debate_app - INFO - DisplayBoard 初始化
2025-05-23 18:54:09,015 - debate_app - INFO - DisplayBoard UI 初始化完成
2025-05-23 18:54:09,016 - debate_app - INFO - ControlPanel 初始化
2025-05-23 18:54:09,107 - debate_app - INFO - 禁用所有控制
2025-05-23 18:54:09,107 - debate_app - INFO - ControlPanel UI 初始化完成
2025-05-23 18:54:10,706 - debate_app - INFO - 加载配置文件
2025-05-23 18:54:12,798 - debate_app - INFO - 设置辩论配置
2025-05-23 18:54:12,799 - debate_app - INFO - 辩论配置已应用
2025-05-23 18:54:12,800 - debate_app - INFO - 启用所有控制
2025-05-23 18:54:12,800 - debate_app - INFO - 配置文件加载成功: G:/Pythondev/Debaterev/debate_config.json
2025-05-23 18:54:12,806 - debate_app - INFO - 收到环节选择信号: index=0
2025-05-23 18:58:41,108 - debate_app - INFO - DisplayBoard 初始化
2025-05-23 18:58:43,424 - debate_app - INFO - DisplayBoard UI 初始化完成
2025-05-23 18:58:43,424 - debate_app - INFO - ControlPanel 初始化
2025-05-23 18:58:43,529 - debate_app - INFO - 禁用所有控制
2025-05-23 18:58:43,530 - debate_app - INFO - ControlPanel UI 初始化完成
2025-05-23 18:58:46,175 - debate_app - INFO - 加载配置文件
2025-05-23 18:58:48,236 - debate_app - INFO - 设置辩论配置
2025-05-23 18:58:48,238 - debate_app - INFO - 辩论配置已应用
2025-05-23 18:58:48,238 - debate_app - INFO - 启用所有控制
2025-05-23 18:58:48,239 - debate_app - INFO - 配置文件加载成功: G:/Pythondev/Debaterev/debate_config.json
2025-05-23 18:58:48,246 - debate_app - INFO - 收到环节选择信号: index=0
2025-05-23 18:58:54,383 - debate_app - INFO - 计时器启动
2025-05-23 18:58:57,167 - debate_app - INFO - 计时器启动
2025-05-23 18:59:00,091 - debate_app - INFO - 计时器启动
2025-05-23 18:59:00,712 - debate_app - INFO - 计时器启动
2025-05-23 18:59:01,980 - debate_app - INFO - 开始环节: index=0
2025-05-23 18:59:03,392 - debate_app - INFO - 计时器启动
2025-05-23 18:59:08,054 - debate_app - INFO - 计时器暂停
2025-05-23 21:49:21,456 - debate_app - INFO - DisplayBoard 初始化
2025-05-23 21:49:24,317 - debate_app - INFO - DisplayBoard UI 初始化完成
2025-05-23 21:49:24,317 - debate_app - INFO - ControlPanel 初始化
2025-05-23 21:49:24,447 - debate_app - INFO - 禁用所有控制
2025-05-23 21:49:24,447 - debate_app - INFO - ControlPanel UI 初始化完成
2025-05-23 21:49:25,889 - debate_app - INFO - 加载配置文件
2025-05-23 21:49:28,251 - debate_app - INFO - 设置辩论配置
2025-05-23 21:49:28,252 - debate_app - INFO - 辩论配置已应用
2025-05-23 21:49:28,253 - debate_app - INFO - 启用所有控制
2025-05-23 21:49:28,253 - debate_app - INFO - 配置文件加载成功: G:/Pythondev/Debaterev/debate_config.json
2025-05-23 21:49:28,259 - debate_app - INFO - 收到环节选择信号: index=0
2025-05-23 21:49:29,517 - debate_app - INFO - 收到环节选择信号: index=8
2025-05-23 21:49:38,329 - debate_app - INFO - 开始环节: index=8
2025-05-23 21:49:40,105 - debate_app - INFO - 正方计时器启动
2025-05-23 21:49:44,770 - debate_app - INFO - 计时器重置
2025-05-23 22:35:12,782 - debate_app - INFO - DisplayBoard 初始化
2025-05-23 22:35:15,512 - debate_app - INFO - DisplayBoard UI 初始化完成
2025-05-23 22:35:15,513 - debate_app - INFO - ControlPanel 初始化
2025-05-23 22:35:15,623 - debate_app - INFO - 禁用所有控制
2025-05-23 22:35:15,623 - debate_app - INFO - ControlPanel UI 初始化完成
2025-05-23 22:35:16,811 - debate_app - INFO - 加载配置文件
2025-05-23 22:35:18,591 - debate_app - INFO - 设置辩论配置
2025-05-23 22:35:18,592 - debate_app - INFO - 辩论配置已应用
2025-05-23 22:35:18,592 - debate_app - INFO - 启用所有控制
2025-05-23 22:35:18,593 - debate_app - INFO - 配置文件加载成功: G:/Pythondev/Debaterev/debate_config.json
2025-05-23 22:35:18,600 - debate_app - INFO - 收到环节选择信号: index=0
2025-05-25 08:53:20,709 - debate_app - INFO - DisplayBoard 初始化
2025-05-25 08:53:23,026 - debate_app - INFO - DisplayBoard UI 初始化完成
2025-05-25 08:53:23,027 - debate_app - INFO - ControlPanel 初始化
2025-05-25 08:53:23,139 - debate_app - INFO - 禁用所有控制
2025-05-25 08:53:23,139 - debate_app - INFO - ControlPanel UI 初始化完成
2025-05-25 08:53:24,532 - debate_app - INFO - 加载配置文件
2025-05-25 08:53:26,846 - debate_app - INFO - 设置辩论配置
2025-05-25 08:53:26,849 - debate_app - INFO - 辩论配置已应用
2025-05-25 08:53:26,850 - debate_app - INFO - 启用所有控制
2025-05-25 08:53:26,850 - debate_app - INFO - 配置文件加载成功: G:/Pythondev/Debaterev/debate_config.json
2025-05-25 08:53:26,857 - debate_app - INFO - 收到环节选择信号: index=0
2025-05-25 08:56:25,013 - debate_app - INFO - DisplayBoard 初始化
2025-05-25 09:51:02,641 - debate_app - INFO - DisplayBoard 初始化
2025-05-25 09:52:24,791 - debate_app - INFO - DisplayBoard 初始化
2025-05-25 09:52:27,072 - debate_app - INFO - DisplayBoard UI 初始化完成
2025-05-25 09:52:27,072 - debate_app - INFO - ControlPanel 初始化
2025-05-25 09:52:27,179 - debate_app - INFO - 禁用所有控制
2025-05-25 09:52:27,180 - debate_app - INFO - ControlPanel UI 初始化完成
2025-05-25 09:52:29,713 - debate_app - INFO - 加载配置文件
2025-05-25 09:52:31,902 - debate_app - INFO - 设置辩论配置
2025-05-25 09:52:31,905 - debate_app - INFO - 辩论配置已应用
2025-05-25 09:52:31,905 - debate_app - INFO - 启用所有控制
2025-05-25 09:52:31,906 - debate_app - INFO - 配置文件加载成功: G:/Pythondev/Debaterev/debate_config.json
2025-05-25 09:52:31,911 - debate_app - INFO - 收到环节选择信号: index=0
2025-05-25 09:52:41,424 - debate_app - INFO - 请求终止当前回合
2025-05-25 09:52:41,425 - debate_app - INFO - 终止当前回合
2025-05-25 09:52:41,425 - debate_app - INFO - 计时器重置
2025-05-25 09:52:41,428 - debate_app - INFO - 收到环节选择信号: index=1
2025-05-25 10:02:29,931 - debate_app - INFO - DisplayBoard 初始化
2025-05-25 10:02:32,340 - debate_app - INFO - DisplayBoard UI 初始化完成
2025-05-25 10:02:32,340 - debate_app - INFO - ControlPanel 初始化
2025-05-25 10:02:32,459 - debate_app - INFO - 禁用所有控制
2025-05-25 10:02:32,460 - debate_app - INFO - ControlPanel UI 初始化完成
2025-05-25 10:02:34,394 - debate_app - INFO - 加载配置文件
2025-05-25 10:02:36,397 - debate_app - INFO - 设置辩论配置
2025-05-25 10:02:36,401 - debate_app - INFO - 辩论配置已应用
2025-05-25 10:02:36,402 - debate_app - INFO - 启用所有控制
2025-05-25 10:02:36,403 - debate_app - INFO - 配置文件加载成功: G:/Pythondev/Debaterev/debate_config.json
2025-05-25 10:02:36,409 - debate_app - INFO - 收到环节选择信号: index=0
